<?xml version="1.0" encoding="UTF-8"?>
<testng-results ignored="1" total="2" passed="1" failed="0" skipped="0">
  <reporter-output>
  </reporter-output>
  <suite started-at="2024-11-07T15:47:26 EET" name="Default suite" finished-at="2024-11-07T15:48:00 EET" duration-ms="33477">
    <groups>
    </groups>
    <test started-at="2024-11-07T15:47:26 EET" name="Default test" finished-at="2024-11-07T15:48:00 EET" duration-ms="33477">
      <class name="tests.BrowserTest">
        <test-method is-config="true" signature="intializeDriver()[pri:0, instance:tests.BrowserTest@64030b91]" started-at="2024-11-07T15:47:27 EET" name="intializeDriver" finished-at="2024-11-07T15:47:52 EET" duration-ms="25204" status="PASS">
          <reporter-output>
          </reporter-output>
        </test-method> <!-- intializeDriver -->
        <test-method signature="browserTest2()[pri:0, instance:tests.BrowserTest@64030b91]" started-at="2024-11-07T15:47:52 EET" name="browserTest2" finished-at="2024-11-07T15:47:58 EET" duration-ms="6187" status="PASS">
          <reporter-output>
          </reporter-output>
        </test-method> <!-- browserTest2 -->
        <test-method is-config="true" signature="quitDriver()[pri:0, instance:tests.BrowserTest@64030b91]" started-at="2024-11-07T15:47:58 EET" name="quitDriver" finished-at="2024-11-07T15:48:00 EET" duration-ms="1846" status="PASS">
          <reporter-output>
          </reporter-output>
        </test-method> <!-- quitDriver -->
      </class> <!-- tests.BrowserTest -->
    </test> <!-- Default test -->
  </suite> <!-- Default suite -->
</testng-results>
